<?xml version="1.0" encoding="UTF-8"?>
<!-- Generated by org.testng.reporters.JUnitReportReporter -->
<testsuite skipped="0" hostname="LAPTOP-MSR1OJ73" name="Kranthi.MyfirstMav.seleniumTest" tests="3" failures="0" timestamp="2020-07-22T12:33:38 IST" time="11.407" errors="0">
  <testcase name="BrowserAutomation" time="11.406" classname="Kranthi.MyfirstMav.seleniumTest"/>
  <system-out/>
  <testcase name="hitURL" time="0.001" classname="Kranthi.MyfirstMav.seleniumTest"/>
  <system-out/>
  <testcase name="hitsecondURL" time="0.000" classname="Kranthi.MyfirstMav.seleniumTest"/>
  <system-out/>
</testsuite> <!-- Kranthi.MyfirstMav.seleniumTest -->
