<?xml version="1.0" encoding="UTF-8"?>
<!-- Generated by org.testng.reporters.JUnitReportReporter -->
<testsuite skipped="0" hostname="LAPTOP-MSR1OJ73" name="Kranthi.MyfirstMav.restAPITest" tests="2" failures="0" timestamp="2020-07-22T12:33:38 IST" time="0.008" errors="0">
  <testcase name="enterDefectInJira" time="0.000" classname="Kranthi.MyfirstMav.restAPITest"/>
  <system-out/>
  <testcase name="deleteTweet" time="0.008" classname="Kranthi.MyfirstMav.restAPITest"/>
  <system-out/>
</testsuite> <!-- Kranthi.MyfirstMav.restAPITest -->
